
> client@0.1.0 dev
> node ./node_modules/next/dist/bin/next dev

▲ Next.js 16.2.10 (Turbopack)
- Local:         http://localhost:3000
- Network:       http://192.168.1.110:3000
- Environments: .env.local
✓ Ready in 768ms

 GET /dashboard/profile 200 in 3.5s (next.js: 2.9s, application-code: 629ms)
[browser] Failed to fetch profile: AxiosError: Request failed with status code 404
    at settle (file://D:/vs code web DV/Next_js_demo_praktis/Travel & Tour Booking/client/.next/dev/static/chunks/node_modules_16qt823._.js:4126:16)
    at XMLHttpRequest.onloadend (file://D:/vs code web DV/Next_js_demo_praktis/Travel & Tour Booking/client/.next/dev/static/chunks/node_modules_16qt823._.js:4760:174) (file://D:/vs code web DV/Next_js_demo_praktis/Travel & Tour Booking/client/.next/dev/static/chunks/src_034wvo7._.js:107:21)
 GET / 200 in 568ms (next.js: 531ms, application-code: 37ms)
 GET / 200 in 379ms (next.js: 13ms, application-code: 366ms)
 GET / 200 in 228ms (next.js: 7ms, application-code: 220ms)
 GET /dashboard/profile 200 in 57ms (next.js: 14ms, application-code: 43ms)
[browser] Failed to fetch profile: AxiosError: Request failed with status code 404
    at settle (file://D:/vs code web DV/Next_js_demo_praktis/Travel & Tour Booking/client/.next/dev/static/chunks/node_modules_08c5xp7._.js:4774:16)
    at XMLHttpRequest.onloadend (file://D:/vs code web DV/Next_js_demo_praktis/Travel & Tour Booking/client/.next/dev/static/chunks/node_modules_08c5xp7._.js:5408:174) (file://D:/vs code web DV/Next_js_demo_praktis/Travel & Tour Booking/client/.next/dev/static/chunks/src_034wvo7._.js:107:21)
[browser] Failed to fetch profile: AxiosError: Request failed with status code 404
    at settle (file://D:/vs code web DV/Next_js_demo_praktis/Travel & Tour Booking/client/.next/dev/static/chunks/node_modules_08c5xp7._.js:4774:16)
    at XMLHttpRequest.onloadend (file://D:/vs code web DV/Next_js_demo_praktis/Travel & Tour Booking/client/.next/dev/static/chunks/node_modules_08c5xp7._.js:5408:174) (file://D:/vs code web DV/Next_js_demo_praktis/Travel & Tour Booking/client/.next/dev/static/chunks/src_034wvo7._.js:107:21)
 GET / 200 in 43ms (next.js: 10ms, application-code: 33ms)
 GET / 200 in 173ms (next.js: 9ms, application-code: 164ms)
 GET / 200 in 218ms (next.js: 16ms, application-code: 201ms)
 GET /dashboard/profile 200 in 51ms (next.js: 11ms, application-code: 40ms)
[browser] Failed to fetch profile: AxiosError: Request failed with status code 404
    at settle (file://D:/vs code web DV/Next_js_demo_praktis/Travel & Tour Booking/client/.next/dev/static/chunks/node_modules_08c5xp7._.js:4774:16)
    at XMLHttpRequest.onloadend (file://D:/vs code web DV/Next_js_demo_praktis/Travel & Tour Booking/client/.next/dev/static/chunks/node_modules_08c5xp7._.js:5408:174) (file://D:/vs code web DV/Next_js_demo_praktis/Travel & Tour Booking/client/.next/dev/static/chunks/src_034wvo7._.js:107:21)
[browser] Failed to fetch profile: AxiosError: Request failed with status code 404
    at settle (file://D:/vs code web DV/Next_js_demo_praktis/Travel & Tour Booking/client/.next/dev/static/chunks/node_modules_08c5xp7._.js:4774:16)
    at XMLHttpRequest.onloadend (file://D:/vs code web DV/Next_js_demo_praktis/Travel & Tour Booking/client/.next/dev/static/chunks/node_modules_08c5xp7._.js:5408:174) (file://D:/vs code web DV/Next_js_demo_praktis/Travel & Tour Booking/client/.next/dev/static/chunks/src_034wvo7._.js:107:21)
 GET / 200 in 236ms (next.js: 8ms, application-code: 228ms)
 GET /dashboard/profile 200 in 46ms (next.js: 9ms, application-code: 37ms)
 GET /dashboard/profile 200 in 107ms (next.js: 9ms, application-code: 98ms)
 GET /dashboard/bookings 200 in 795ms (next.js: 737ms, application-code: 58ms)
 GET /dashboard/profile 200 in 62ms (next.js: 10ms, application-code: 52ms)
 GET / 200 in 34ms (next.js: 6ms, application-code: 28ms)
 GET /login 200 in 739ms (next.js: 688ms, application-code: 51ms)
 GET / 200 in 199ms (next.js: 9ms, application-code: 190ms)
 GET /admin 200 in 981ms (next.js: 951ms, application-code: 29ms)
 GET /admin 200 in 35ms (next.js: 5ms, application-code: 30ms)
 GET / 200 in 187ms (next.js: 7ms, application-code: 179ms)
 GET /dashboard/profile 200 in 62ms (next.js: 12ms, application-code: 51ms)
 GET /admin 200 in 50ms (next.js: 10ms, application-code: 40ms)
 GET / 200 in 143ms (next.js: 10ms, application-code: 134ms)
 GET /dashboard/profile 200 in 35ms (next.js: 6ms, application-code: 29ms)
 GET /admin 200 in 48ms (next.js: 10ms, application-code: 38ms)
 GET /admin 200 in 171ms (next.js: 7ms, application-code: 164ms)
✓ Compiled in 167ms
 GET /admin 200 in 161ms (next.js: 117ms, application-code: 44ms)
 GET /admin 200 in 261ms (next.js: 7ms, application-code: 254ms)
 GET /admin 200 in 76ms (next.js: 9ms, application-code: 67ms)
 GET /admin 200 in 94ms (next.js: 10ms, application-code: 84ms)
 GET /admin 200 in 76ms (next.js: 10ms, application-code: 66ms)
 GET /admin 200 in 129ms (next.js: 8ms, application-code: 120ms)
 GET /admin 200 in 120ms (next.js: 10ms, application-code: 110ms)
 GET /admin 200 in 212ms (next.js: 12ms, application-code: 200ms)
 GET /admin 200 in 133ms (next.js: 10ms, application-code: 122ms)
 GET /admin 200 in 135ms (next.js: 11ms, application-code: 124ms)
 GET /admin 200 in 178ms (next.js: 12ms, application-code: 166ms)
 GET /admin 200 in 190ms (next.js: 8ms, application-code: 183ms)
 GET /admin 200 in 186ms (next.js: 7ms, application-code: 179ms)
 GET /admin 200 in 136ms (next.js: 11ms, application-code: 124ms)
✓ Compiled in 187ms
 GET /admin 200 in 169ms (next.js: 125ms, application-code: 44ms)
 GET /admin 200 in 200ms (next.js: 6ms, application-code: 194ms)
 GET /admin/profile 404 in 404ms (next.js: 366ms, application-code: 38ms)
 GET /admin/profile 404 in 92ms (next.js: 17ms, application-code: 74ms)
 GET / 200 in 63ms (next.js: 25ms, application-code: 38ms)
 GET /dashboard/profile 200 in 139ms (next.js: 50ms, application-code: 89ms)
 GET /admin 200 in 55ms (next.js: 8ms, application-code: 47ms)
✓ Compiled in 193ms
 GET /admin 200 in 334ms (next.js: 103ms, application-code: 231ms)
 GET /admin 200 in 244ms (next.js: 10ms, application-code: 234ms)
 GET /admin 200 in 191ms (next.js: 6ms, application-code: 184ms)
 GET /admin 200 in 192ms (next.js: 32ms, application-code: 160ms)
 GET /admin 200 in 193ms (next.js: 61ms, application-code: 132ms)
 GET /admin 200 in 140ms (next.js: 9ms, application-code: 131ms)
 GET /admin 200 in 227ms (next.js: 12ms, application-code: 216ms)
 GET /admin 200 in 209ms (next.js: 12ms, application-code: 197ms)
 GET /admin 200 in 170ms (next.js: 8ms, application-code: 162ms)
 GET /admin 200 in 170ms (next.js: 68ms, application-code: 102ms)
 GET /admin 200 in 171ms (next.js: 39ms, application-code: 132ms)
 GET /admin 200 in 112ms (next.js: 6ms, application-code: 106ms)
 GET /admin 200 in 232ms (next.js: 6ms, application-code: 225ms)
 GET /admin 200 in 230ms (next.js: 8ms, application-code: 223ms)
 GET /admin 200 in 195ms (next.js: 44ms, application-code: 151ms)
 GET /admin 200 in 227ms (next.js: 11ms, application-code: 216ms)
 GET /admin 200 in 227ms (next.js: 78ms, application-code: 148ms)
 GET /admin 200 in 111ms (next.js: 8ms, application-code: 103ms)
 GET /admin 200 in 203ms (next.js: 6ms, application-code: 197ms)
 GET /admin 200 in 170ms (next.js: 7ms, application-code: 163ms)
 GET /admin 200 in 193ms (next.js: 7ms, application-code: 186ms)
 GET /admin 200 in 193ms (next.js: 34ms, application-code: 159ms)
 GET /admin 200 in 139ms (next.js: 8ms, application-code: 132ms)
 GET /admin 200 in 140ms (next.js: 40ms, application-code: 100ms)
 GET /admin 200 in 241ms (next.js: 7ms, application-code: 234ms)
 GET /admin 200 in 214ms (next.js: 6ms, application-code: 208ms)
 GET /admin 200 in 231ms (next.js: 11ms, application-code: 220ms)
 GET /admin 200 in 231ms (next.js: 71ms, application-code: 160ms)
 GET /admin 200 in 166ms (next.js: 40ms, application-code: 126ms)
 GET /admin 200 in 135ms (next.js: 39ms, application-code: 97ms)
 GET /admin 200 in 188ms (next.js: 7ms, application-code: 181ms)
 GET /admin 200 in 159ms (next.js: 5ms, application-code: 153ms)
 GET /admin 200 in 166ms (next.js: 7ms, application-code: 159ms)
 GET /admin 200 in 163ms (next.js: 7ms, application-code: 156ms)
 GET /admin 200 in 163ms (next.js: 37ms, application-code: 126ms)
 GET /admin 200 in 136ms (next.js: 36ms, application-code: 101ms)
 GET /admin 200 in 196ms (next.js: 8ms, application-code: 188ms)
 GET /admin 200 in 159ms (next.js: 6ms, application-code: 153ms)
 GET /admin 200 in 127ms (next.js: 8ms, application-code: 118ms)
 GET /admin 200 in 95ms (next.js: 9ms, application-code: 87ms)
 GET /admin 200 in 95ms (next.js: 35ms, application-code: 60ms)
 GET /admin 200 in 94ms (next.js: 63ms, application-code: 31ms)
 GET /admin/profile 200 in 507ms (next.js: 467ms, application-code: 39ms)
 GET /admin 200 in 221ms (next.js: 7ms, application-code: 214ms)
 GET /admin 200 in 75ms (next.js: 6ms, application-code: 69ms)
 GET / 200 in 101ms (next.js: 46ms, application-code: 55ms)
[browser] Failed to fetch tours: AxiosError: Network Error
    at XMLHttpRequest.handleError (file://D:/vs code web DV/Next_js_demo_praktis/Travel & Tour Booking/client/.next/dev/static/chunks/node_modules_1cjj9cs._.js:4749:25) (file://D:/vs code web DV/Next_js_demo_praktis/Travel & Tour Booking/client/.next/dev/static/chunks/src_0uyz1lk._.js:1348:33)
[browser] Failed to fetch tours: AxiosError: Network Error
    at XMLHttpRequest.handleError (file://D:/vs code web DV/Next_js_demo_praktis/Travel & Tour Booking/client/.next/dev/static/chunks/node_modules_1cjj9cs._.js:4749:25) (file://D:/vs code web DV/Next_js_demo_praktis/Travel & Tour Booking/client/.next/dev/static/chunks/src_0uyz1lk._.js:1348:33)
 GET / 200 in 320ms (next.js: 11ms, application-code: 309ms)
 GET / 200 in 183ms (next.js: 11ms, application-code: 172ms)
 GET / 200 in 198ms (next.js: 12ms, application-code: 185ms)
 GET /about 200 in 745ms (next.js: 673ms, application-code: 72ms)
 GET /tours 200 in 767ms (next.js: 714ms, application-code: 53ms)
 GET /tours 200 in 86ms (next.js: 11ms, application-code: 75ms)
 GET /tours 200 in 42ms (next.js: 6ms, application-code: 36ms)
 GET /about 200 in 52ms (next.js: 9ms, application-code: 44ms)
 GET /contact 200 in 672ms (next.js: 633ms, application-code: 38ms)
 GET /tours 200 in 38ms (next.js: 9ms, application-code: 29ms)
 GET /tours 200 in 72ms (next.js: 11ms, application-code: 61ms)
 GET /tours 200 in 41ms (next.js: 8ms, application-code: 33ms)
✓ Compiled in 101ms
 GET /tours 200 in 136ms (next.js: 86ms, application-code: 50ms)
✓ Compiled in 72ms
 GET /tours 200 in 146ms (next.js: 95ms, application-code: 51ms)
✓ Compiled in 88ms
 GET /tours 200 in 127ms (next.js: 83ms, application-code: 45ms)
✓ Compiled in 73ms
 GET /tours 200 in 132ms (next.js: 88ms, application-code: 44ms)
✓ Compiled in 92ms
 GET /tours 200 in 122ms (next.js: 80ms, application-code: 42ms)
✓ Compiled in 80ms
 GET /tours 200 in 144ms (next.js: 98ms, application-code: 46ms)
✓ Compiled in 90ms
 GET /tours 200 in 137ms (next.js: 86ms, application-code: 51ms)
✓ Compiled in 75ms
 GET /tours 200 in 202ms (next.js: 97ms, application-code: 106ms)
 GET /tours 200 in 62ms (next.js: 11ms, application-code: 51ms)
✓ Compiled in 73ms
 GET /tours 200 in 170ms (next.js: 81ms, application-code: 90ms)
 GET /tours 200 in 42ms (next.js: 8ms, application-code: 33ms)
✓ Compiled in 72ms
 GET /tours 200 in 202ms (next.js: 92ms, application-code: 109ms)
 GET /tours 200 in 65ms (next.js: 8ms, application-code: 57ms)
✓ Compiled in 80ms
 GET /tours 200 in 191ms (next.js: 104ms, application-code: 87ms)
 GET /tours 200 in 37ms (next.js: 4ms, application-code: 33ms)
 GET /contact 200 in 176ms (next.js: 127ms, application-code: 49ms)
 GET /about 200 in 194ms (next.js: 124ms, application-code: 70ms)
 GET /tours 200 in 43ms (next.js: 9ms, application-code: 33ms)
 GET /tours 200 in 90ms (next.js: 11ms, application-code: 78ms)
 GET /tours 200 in 45ms (next.js: 12ms, application-code: 33ms)
 GET /tours 200 in 41ms (next.js: 7ms, application-code: 35ms)
 GET /about 200 in 52ms (next.js: 10ms, application-code: 42ms)
✓ Compiled in 160ms
 GET /about 200 in 298ms (next.js: 181ms, application-code: 118ms)
 GET /about 200 in 73ms (next.js: 8ms, application-code: 65ms)
 GET /about 200 in 81ms (next.js: 6ms, application-code: 74ms)
 GET /about 200 in 69ms (next.js: 8ms, application-code: 61ms)
 GET /tours 200 in 176ms (next.js: 124ms, application-code: 52ms)
 GET /tours 200 in 125ms (next.js: 12ms, application-code: 113ms)
 GET /tours 200 in 66ms (next.js: 8ms, application-code: 58ms)
 GET /contact 200 in 63ms (next.js: 37ms, application-code: 26ms)
✓ Compiled in 154ms
 GET /contact 200 in 267ms (next.js: 174ms, application-code: 93ms)
 GET /contact 200 in 40ms (next.js: 7ms, application-code: 33ms)
 GET /contact 200 in 45ms (next.js: 10ms, application-code: 34ms)
✓ Compiled in 135ms
 GET /contact 200 in 266ms (next.js: 180ms, application-code: 87ms)
 GET /about 200 in 87ms (next.js: 31ms, application-code: 56ms)
 GET /tours 200 in 155ms (next.js: 111ms, application-code: 44ms)
 GET /tours 200 in 136ms (next.js: 8ms, application-code: 128ms)
 GET /tours 200 in 91ms (next.js: 7ms, application-code: 84ms)
✓ Compiled in 66ms
 GET /tours 200 in 199ms (next.js: 144ms, application-code: 55ms)
✓ Compiled in 83ms
 GET /tours 200 in 163ms (next.js: 116ms, application-code: 48ms)
 GET /tours 200 in 248ms (next.js: 9ms, application-code: 239ms)
 GET /tours 200 in 29ms (next.js: 7ms, application-code: 22ms)
 GET /tours 200 in 48ms (next.js: 12ms, application-code: 36ms)
 GET /tours 200 in 92ms (next.js: 8ms, application-code: 84ms)
 GET /tours 200 in 39ms (next.js: 6ms, application-code: 33ms)
 GET /tours 200 in 118ms (next.js: 20ms, application-code: 98ms)
✓ Compiled in 137ms
 GET /tours 200 in 271ms (next.js: 181ms, application-code: 89ms)
✓ Compiled in 60ms
 GET /tours 200 in 383ms (next.js: 193ms, application-code: 190ms)
✓ Compiled in 584ms
 GET /tours/6a550f8e51c4cae813622f14 200 in 1473ms (next.js: 1436ms, application-code: 37ms)
 GET /tours/6a550f8e51c4cae813622f14 200 in 237ms (next.js: 108ms, application-code: 128ms)
✓ Compiled in 305ms
 GET /tours/6a550f8e51c4cae813622f14 200 in 313ms (next.js: 159ms, application-code: 154ms)
✓ Compiled in 130ms
 GET /tours/6a550f8e51c4cae813622f14 200 in 203ms (next.js: 150ms, application-code: 52ms)
 GET /tours 200 in 238ms (next.js: 169ms, application-code: 70ms)
 GET /tours 200 in 95ms (next.js: 13ms, application-code: 81ms)
 GET /tours 200 in 37ms (next.js: 5ms, application-code: 32ms)
✓ Compiled in 122ms
 GET /tours/6a550f8e51c4cae813622f15 200 in 194ms (next.js: 97ms, application-code: 97ms)
 GET /tours/6a550f8e51c4cae813622f15 200 in 178ms (next.js: 115ms, application-code: 63ms)
✓ Compiled in 159ms
 GET /tours/6a550f8e51c4cae813622f15 200 in 283ms (next.js: 190ms, application-code: 93ms)
 GET /contact 200 in 70ms (next.js: 27ms, application-code: 43ms)
✓ Compiled in 129ms
 GET /contact 200 in 248ms (next.js: 164ms, application-code: 83ms)
 GET /about 200 in 146ms (next.js: 50ms, application-code: 96ms)
 GET /contact 200 in 41ms (next.js: 11ms, application-code: 30ms)
 GET /about 200 in 52ms (next.js: 9ms, application-code: 44ms)
 GET /tours 200 in 153ms (next.js: 116ms, application-code: 37ms)
 GET /tours 200 in 78ms (next.js: 7ms, application-code: 70ms)
 GET /tours 200 in 39ms (next.js: 7ms, application-code: 32ms)
 GET /tours 200 in 296ms (next.js: 10ms, application-code: 286ms)
 GET /tours 200 in 28ms (next.js: 12ms, application-code: 17ms)
 GET /tours 200 in 59ms (next.js: 10ms, application-code: 50ms)
 GET /tours 200 in 106ms (next.js: 9ms, application-code: 97ms)
 GET /tours 200 in 19ms (next.js: 5ms, application-code: 14ms)
 GET /tours 200 in 61ms (next.js: 12ms, application-code: 49ms)
 GET /tours 200 in 20ms (next.js: 9ms, application-code: 11ms)
 GET /tours 200 in 29ms (next.js: 6ms, application-code: 23ms)
 GET / 200 in 54ms (next.js: 26ms, application-code: 28ms)
 GET / 200 in 50ms (next.js: 11ms, application-code: 40ms)
 GET / 200 in 374ms (next.js: 12ms, application-code: 362ms)
 GET /tours 200 in 51ms (next.js: 11ms, application-code: 39ms)
 GET /tours 200 in 68ms (next.js: 8ms, application-code: 60ms)
 GET /tours 200 in 30ms (next.js: 5ms, application-code: 26ms)
 GET /tours 200 in 161ms (next.js: 10ms, application-code: 151ms)
 GET /tours 200 in 27ms (next.js: 10ms, application-code: 17ms)
 GET /tours 200 in 45ms (next.js: 9ms, application-code: 36ms)
 GET /tours 200 in 130ms (next.js: 8ms, application-code: 123ms)
 GET /tours 200 in 15ms (next.js: 5ms, application-code: 10ms)
 GET /tours 200 in 53ms (next.js: 14ms, application-code: 39ms)
 GET /tours 200 in 149ms (next.js: 5ms, application-code: 143ms)
 GET /tours 200 in 19ms (next.js: 5ms, application-code: 14ms)
 GET /tours 200 in 46ms (next.js: 9ms, application-code: 37ms)
 GET /tours 200 in 188ms (next.js: 6ms, application-code: 182ms)
 GET /tours 200 in 25ms (next.js: 9ms, application-code: 16ms)
 GET /tours 200 in 57ms (next.js: 11ms, application-code: 47ms)
 GET /tours 200 in 170ms (next.js: 11ms, application-code: 160ms)
 GET /tours 200 in 18ms (next.js: 5ms, application-code: 13ms)
 GET /tours 200 in 46ms (next.js: 10ms, application-code: 36ms)
 GET /tours 200 in 137ms (next.js: 7ms, application-code: 130ms)
 GET /tours 200 in 21ms (next.js: 8ms, application-code: 13ms)
 GET /tours 200 in 60ms (next.js: 10ms, application-code: 51ms)
 GET /tours 200 in 93ms (next.js: 9ms, application-code: 84ms)
 GET /tours 200 in 17ms (next.js: 4ms, application-code: 13ms)
 GET /tours 200 in 179ms (next.js: 9ms, application-code: 169ms)
 GET /tours 200 in 139ms (next.js: 6ms, application-code: 133ms)
 GET /tours 200 in 33ms (next.js: 5ms, application-code: 28ms)
 GET /tours 200 in 43ms (next.js: 9ms, application-code: 34ms)
 GET /tours/6a550f8e51c4cae813622f14 200 in 73ms (next.js: 44ms, application-code: 29ms)
 GET /tours 200 in 22ms (next.js: 8ms, application-code: 14ms)
 GET /tours 200 in 16ms (next.js: 7ms, application-code: 9ms)
 GET /tours 200 in 69ms (next.js: 9ms, application-code: 60ms)
 GET /tours 200 in 30ms (next.js: 6ms, application-code: 23ms)
 GET /tours/6a550f8e51c4cae813622f14 200 in 58ms (next.js: 18ms, application-code: 40ms)
 GET /tours 200 in 41ms (next.js: 6ms, application-code: 35ms)
 GET /tours 200 in 31ms (next.js: 12ms, application-code: 19ms)
 GET /tours 200 in 115ms (next.js: 9ms, application-code: 106ms)
 GET /tours 200 in 99ms (next.js: 13ms, application-code: 86ms)
 GET /tours 200 in 32ms (next.js: 6ms, application-code: 26ms)
 GET /tours 200 in 114ms (next.js: 6ms, application-code: 108ms)
 GET /tours 200 in 22ms (next.js: 4ms, application-code: 18ms)
 GET /tours 200 in 104ms (next.js: 5ms, application-code: 100ms)
 GET /tours 200 in 283ms (next.js: 193ms, application-code: 90ms)
 GET /tours 200 in 22ms (next.js: 7ms, application-code: 16ms)
 GET /tours 200 in 49ms (next.js: 7ms, application-code: 42ms)
 GET /tours 200 in 39ms (next.js: 8ms, application-code: 31ms)
 GET /contact 200 in 97ms (next.js: 47ms, application-code: 50ms)
 GET /tours 200 in 36ms (next.js: 8ms, application-code: 28ms)
 GET /tours 200 in 93ms (next.js: 13ms, application-code: 80ms)
 GET /tours 200 in 50ms (next.js: 6ms, application-code: 44ms)
 GET /tours/6a550f8e51c4cae813622f15 200 in 239ms (next.js: 189ms, application-code: 51ms)
✓ Compiled in 132ms
 GET /tours/6a550f8e51c4cae813622f15 200 in 300ms (next.js: 157ms, application-code: 144ms)
✓ Compiled in 74ms
 GET /tours/6a550f8e51c4cae813622f15 200 in 177ms (next.js: 127ms, application-code: 49ms)
✓ Compiled in 75ms
 GET /tours/6a550f8e51c4cae813622f15 200 in 169ms (next.js: 118ms, application-code: 51ms)
✓ Compiled in 155ms
 GET /tours/6a550f8e51c4cae813622f15 200 in 306ms (next.js: 183ms, application-code: 123ms)
✓ Compiled in 70ms
 GET /tours/6a550f8e51c4cae813622f15 200 in 167ms (next.js: 120ms, application-code: 47ms)
✓ Compiled in 152ms
 GET /tours/6a550f8e51c4cae813622f15 200 in 150ms (next.js: 104ms, application-code: 46ms)
✓ Compiled in 63ms
 GET /tours/6a550f8e51c4cae813622f15 200 in 180ms (next.js: 130ms, application-code: 49ms)
✓ Compiled in 71ms
 GET /tours/6a550f8e51c4cae813622f15 200 in 161ms (next.js: 111ms, application-code: 51ms)
✓ Compiled in 90ms
 GET /tours/6a550f8e51c4cae813622f15 200 in 177ms (next.js: 116ms, application-code: 61ms)
✓ Compiled in 66ms
 GET /tours/6a550f8e51c4cae813622f15 200 in 172ms (next.js: 122ms, application-code: 49ms)
✓ Compiled in 81ms
 GET /tours/6a550f8e51c4cae813622f15 200 in 278ms (next.js: 119ms, application-code: 158ms)
✓ Compiled in 68ms
 GET /tours/6a550f8e51c4cae813622f15 200 in 142ms (next.js: 103ms, application-code: 39ms)
✓ Compiled in 84ms
 GET /tours/6a550f8e51c4cae813622f15 200 in 165ms (next.js: 113ms, application-code: 53ms)
✓ Compiled in 99ms
 GET /tours/6a550f8e51c4cae813622f15 200 in 134ms (next.js: 95ms, application-code: 39ms)
 GET /contact 200 in 61ms (next.js: 32ms, application-code: 30ms)
 GET /about 200 in 189ms (next.js: 52ms, application-code: 138ms)
 GET /tours 200 in 65ms (next.js: 36ms, application-code: 29ms)
 GET /tours 200 in 68ms (next.js: 11ms, application-code: 57ms)
 GET /tours 200 in 31ms (next.js: 6ms, application-code: 25ms)
✓ Compiled in 98ms
 GET /tours 200 in 19ms (next.js: 11ms, application-code: 9ms)
 GET /tours 200 in 168ms (next.js: 99ms, application-code: 69ms)
 GET /tours 200 in 52ms (next.js: 10ms, application-code: 43ms)
 GET /tours 200 in 357ms (next.js: 11ms, application-code: 345ms)
 GET /tours 200 in 25ms (next.js: 10ms, application-code: 15ms)
 GET /tours 200 in 71ms (next.js: 11ms, application-code: 60ms)
